d:\dotnetworkspace\wechatdllcpp\wechatdllcpp\debug\vc141.pdb
d:\dotnetworkspace\wechatdllcpp\wechatdllcpp\debug\vc141.idb
d:\dotnetworkspace\wechatdllcpp\wechatdllcpp\debug\wechatdllcpp.obj
d:\dotnetworkspace\wechatdllcpp\wechatdllcpp\debug\httpserver.obj
d:\dotnetworkspace\wechatdllcpp\wechatdllcpp\debug\dllmain.obj
d:\dotnetworkspace\wechatdllcpp\wechatdllcpp\debug\mongoose.obj
d:\dotnetworkspace\wechatdllcpp\debug\wechatdllcpp.dll
d:\dotnetworkspace\wechatdllcpp\debug\wechatdllcpp.ilk
d:\dotnetworkspace\wechatdllcpp\debug\wechatdllcpp.pdb
d:\dotnetworkspace\wechatdllcpp\wechatdllcpp\debug\wechatdllcpp.res
d:\dotnetworkspace\wechatdllcpp\debug\wechatdllcpp.lib
d:\dotnetworkspace\wechatdllcpp\debug\wechatdllcpp.exp
d:\dotnetworkspace\wechatdllcpp\wechatdllcpp\debug\wechatdllcpp.tlog\cl.command.1.tlog
d:\dotnetworkspace\wechatdllcpp\wechatdllcpp\debug\wechatdllcpp.tlog\cl.read.1.tlog
d:\dotnetworkspace\wechatdllcpp\wechatdllcpp\debug\wechatdllcpp.tlog\cl.write.1.tlog
d:\dotnetworkspace\wechatdllcpp\wechatdllcpp\debug\wechatdllcpp.tlog\link.command.1.tlog
d:\dotnetworkspace\wechatdllcpp\wechatdllcpp\debug\wechatdllcpp.tlog\link.read.1.tlog
d:\dotnetworkspace\wechatdllcpp\wechatdllcpp\debug\wechatdllcpp.tlog\link.write.1.tlog
d:\dotnetworkspace\wechatdllcpp\wechatdllcpp\debug\wechatdllcpp.tlog\rc.command.1.tlog
d:\dotnetworkspace\wechatdllcpp\wechatdllcpp\debug\wechatdllcpp.tlog\rc.read.1.tlog
d:\dotnetworkspace\wechatdllcpp\wechatdllcpp\debug\wechatdllcpp.tlog\rc.write.1.tlog
d:\dotnetworkspace\wechatdllcpp\wechatdllcpp\debug\wechatdllcpp.tlog\wechatdllcpp.write.1u.tlog
